2026-05-10 17:06:22.663 INFO  [Test worker] c.h.s.s.a.u.CrossSystemSyncIntegrationTest - Starting CrossSystemSyncIntegrationTest using Java 21.0.9 with PID 35332 (started by danielc in /Users/danielc/Documents/Code/HyperBrain/HyperBrain-be/it)
2026-05-10 17:06:22.664 DEBUG [Test worker] c.h.s.s.a.u.CrossSystemSyncIntegrationTest - Running with Spring Boot v3.3.4, Spring v6.1.13
2026-05-10 17:06:22.665 INFO  [Test worker] c.h.s.s.a.u.CrossSystemSyncIntegrationTest - The following 1 profile is active: "test"
2026-05-10 17:06:23.035 INFO  [Test worker] o.s.d.r.c.RepositoryConfigurationDelegate - Bootstrapping Spring Data JPA repositories in DEFAULT mode.
2026-05-10 17:06:23.096 INFO  [Test worker] o.s.d.r.c.RepositoryConfigurationDelegate - Finished Spring Data repository scanning in 58 ms. Found 5 JPA repository interfaces.
2026-05-10 17:06:23.420 INFO  [Test worker] o.s.b.w.e.tomcat.TomcatWebServer - Tomcat initialized with port 0 (http)
2026-05-10 17:06:23.427 INFO  [Test worker] o.a.catalina.core.StandardService - Starting service [Tomcat]
2026-05-10 17:06:23.427 INFO  [Test worker] o.a.catalina.core.StandardEngine - Starting Servlet engine: [Apache Tomcat/10.1.30]
2026-05-10 17:06:23.457 INFO  [Test worker] o.a.c.c.C.[Tomcat].[localhost].[/] - Initializing Spring embedded WebApplicationContext
2026-05-10 17:06:23.457 INFO  [Test worker] o.s.b.w.s.c.ServletWebServerApplicationContext - Root WebApplicationContext: initialization completed in 785 ms
2026-05-10 17:06:23.531 DEBUG [Test worker] o.s.w.f.ServerHttpObservationFilter - Filter 'webMvcObservationFilter' configured for use
2026-05-10 17:06:23.712 INFO  [Test worker] org.flywaydb.core.FlywayExecutor - Database: jdbc:postgresql://localhost:5432/sopfc (PostgreSQL 16.13)
2026-05-10 17:06:23.743 INFO  [Test worker] o.f.core.internal.command.DbValidate - Successfully validated 8 migrations (execution time 00:00.016s)
2026-05-10 17:06:23.761 INFO  [Test worker] o.f.core.internal.command.DbMigrate - Current version of schema "public": 7
2026-05-10 17:06:23.763 INFO  [Test worker] o.f.core.internal.command.DbMigrate - Schema "public" is up to date. No migration necessary.
2026-05-10 17:06:23.806 INFO  [Test worker] o.h.jpa.internal.util.LogHelper - HHH000204: Processing PersistenceUnitInfo [name: default]
2026-05-10 17:06:23.827 INFO  [Test worker] org.hibernate.Version - HHH000412: Hibernate ORM core version 6.5.3.Final
2026-05-10 17:06:23.840 INFO  [Test worker] o.h.c.i.RegionFactoryInitiator - HHH000026: Second-level cache disabled
2026-05-10 17:06:23.947 INFO  [Test worker] o.s.o.j.p.SpringPersistenceUnitInfo - No LoadTimeWeaver setup: ignoring JPA class transformer
2026-05-10 17:06:23.957 INFO  [Test worker] com.zaxxer.hikari.HikariDataSource - HikariPool-1 - Starting...
2026-05-10 17:06:23.968 INFO  [Test worker] com.zaxxer.hikari.pool.HikariPool - HikariPool-1 - Added connection org.postgresql.jdbc.PgConnection@481b8d53
2026-05-10 17:06:23.968 INFO  [Test worker] com.zaxxer.hikari.HikariDataSource - HikariPool-1 - Start completed.
2026-05-10 17:06:23.980 WARN  [Test worker] org.hibernate.orm.deprecation - HHH90000025: PostgreSQLDialect does not need to be specified explicitly using 'hibernate.dialect' (remove the property setting and it will be selected by default)
2026-05-10 17:06:24.361 INFO  [Test worker] o.h.e.t.j.p.i.JtaPlatformInitiator - HHH000489: No JTA platform available (set 'hibernate.transaction.jta.platform' to enable JTA platform integration)
2026-05-10 17:06:24.415 INFO  [Test worker] o.s.o.j.LocalContainerEntityManagerFactoryBean - Initialized JPA EntityManagerFactory for persistence unit 'default'
2026-05-10 17:06:24.734 WARN  [Test worker] o.s.b.a.o.j.JpaBaseConfiguration$JpaWebConfiguration - spring.jpa.open-in-view is enabled by default. Therefore, database queries may be performed during view rendering. Explicitly configure spring.jpa.open-in-view to disable this warning
2026-05-10 17:06:24.775 DEBUG [Test worker] o.s.w.s.m.m.a.RequestMappingHandlerMapping - 12 mappings in 'requestMappingHandlerMapping'
2026-05-10 17:06:24.803 DEBUG [Test worker] o.s.w.s.h.SimpleUrlHandlerMapping - Patterns [/webjars/**, /**] in 'resourceHandlerMapping'
2026-05-10 17:06:24.821 DEBUG [Test worker] o.s.w.s.m.m.a.RequestMappingHandlerAdapter - ControllerAdvice beans: 0 @ModelAttribute, 0 @InitBinder, 1 RequestBodyAdvice, 1 ResponseBodyAdvice
2026-05-10 17:06:24.836 DEBUG [Test worker] o.s.w.s.m.m.a.ExceptionHandlerExceptionResolver - ControllerAdvice beans: 1 @ExceptionHandler, 1 ResponseBodyAdvice
2026-05-10 17:06:24.997 INFO  [Test worker] o.s.b.a.e.web.EndpointLinksResolver - Exposing 1 endpoint beneath base path '/actuator'
2026-05-10 17:06:25.385 INFO  [Test worker] o.s.b.w.e.tomcat.TomcatWebServer - Tomcat started on port 60724 (http) with context path '/'
2026-05-10 17:06:25.403 INFO  [Test worker] o.a.k.c.consumer.ConsumerConfig - ConsumerConfig values: 
	allow.auto.create.topics = true
	auto.commit.interval.ms = 5000
	auto.include.jmx.reporter = true
	auto.offset.reset = earliest
	bootstrap.servers = [localhost:9092]
	check.crcs = true
	client.dns.lookup = use_all_dns_ips
	client.id = consumer-sync-group-1
	client.rack = 
	connections.max.idle.ms = 540000
	default.api.timeout.ms = 60000
	enable.auto.commit = false
	enable.metrics.push = true
	exclude.internal.topics = true
	fetch.max.bytes = 52428800
	fetch.max.wait.ms = 500
	fetch.min.bytes = 1
	group.id = sync-group
	group.instance.id = null
	group.protocol = classic
	group.remote.assignor = null
	heartbeat.interval.ms = 3000
	interceptor.classes = []
	internal.leave.group.on.close = true
	internal.throw.on.fetch.stable.offset.unsupported = false
	isolation.level = read_uncommitted
	key.deserializer = class org.apache.kafka.common.serialization.StringDeserializer
	max.partition.fetch.bytes = 1048576
	max.poll.interval.ms = 300000
	max.poll.records = 500
	metadata.max.age.ms = 300000
	metric.reporters = []
	metrics.num.samples = 2
	metrics.recording.level = INFO
	metrics.sample.window.ms = 30000
	partition.assignment.strategy = [class org.apache.kafka.clients.consumer.RangeAssignor, class org.apache.kafka.clients.consumer.CooperativeStickyAssignor]
	receive.buffer.bytes = 65536
	reconnect.backoff.max.ms = 1000
	reconnect.backoff.ms = 50
	request.timeout.ms = 30000
	retry.backoff.max.ms = 1000
	retry.backoff.ms = 100
	sasl.client.callback.handler.class = null
	sasl.jaas.config = null
	sasl.kerberos.kinit.cmd = /usr/bin/kinit
	sasl.kerberos.min.time.before.relogin = 60000
	sasl.kerberos.service.name = null
	sasl.kerberos.ticket.renew.jitter = 0.05
	sasl.kerberos.ticket.renew.window.factor = 0.8
	sasl.login.callback.handler.class = null
	sasl.login.class = null
	sasl.login.connect.timeout.ms = null
	sasl.login.read.timeout.ms = null
	sasl.login.refresh.buffer.seconds = 300
	sasl.login.refresh.min.period.seconds = 60
	sasl.login.refresh.window.factor = 0.8
	sasl.login.refresh.window.jitter = 0.05
	sasl.login.retry.backoff.max.ms = 10000
	sasl.login.retry.backoff.ms = 100
	sasl.mechanism = GSSAPI
	sasl.oauthbearer.clock.skew.seconds = 30
	sasl.oauthbearer.expected.audience = null
	sasl.oauthbearer.expected.issuer = null
	sasl.oauthbearer.jwks.endpoint.refresh.ms = 3600000
	sasl.oauthbearer.jwks.endpoint.retry.backoff.max.ms = 10000
	sasl.oauthbearer.jwks.endpoint.retry.backoff.ms = 100
	sasl.oauthbearer.jwks.endpoint.url = null
	sasl.oauthbearer.scope.claim.name = scope
	sasl.oauthbearer.sub.claim.name = sub
	sasl.oauthbearer.token.endpoint.url = null
	security.protocol = PLAINTEXT
	security.providers = null
	send.buffer.bytes = 131072
	session.timeout.ms = 45000
	socket.connection.setup.timeout.max.ms = 30000
	socket.connection.setup.timeout.ms = 10000
	ssl.cipher.suites = null
	ssl.enabled.protocols = [TLSv1.2, TLSv1.3]
	ssl.endpoint.identification.algorithm = https
	ssl.engine.factory.class = null
	ssl.key.password = null
	ssl.keymanager.algorithm = SunX509
	ssl.keystore.certificate.chain = null
	ssl.keystore.key = null
	ssl.keystore.location = null
	ssl.keystore.password = null
	ssl.keystore.type = JKS
	ssl.protocol = TLSv1.3
	ssl.provider = null
	ssl.secure.random.implementation = null
	ssl.trustmanager.algorithm = PKIX
	ssl.truststore.certificates = null
	ssl.truststore.location = null
	ssl.truststore.password = null
	ssl.truststore.type = JKS
	value.deserializer = class org.apache.kafka.common.serialization.StringDeserializer

2026-05-10 17:06:25.426 INFO  [Test worker] o.a.k.c.t.i.KafkaMetricsCollector - initializing Kafka metrics collector
2026-05-10 17:06:25.485 INFO  [Test worker] o.a.kafka.common.utils.AppInfoParser - Kafka version: 3.7.1
2026-05-10 17:06:25.485 INFO  [Test worker] o.a.kafka.common.utils.AppInfoParser - Kafka commitId: e2494e6ffb89f828
2026-05-10 17:06:25.485 INFO  [Test worker] o.a.kafka.common.utils.AppInfoParser - Kafka startTimeMs: 1778450785485
2026-05-10 17:06:25.490 INFO  [Test worker] o.a.k.c.c.i.LegacyKafkaConsumer - [Consumer clientId=consumer-sync-group-1, groupId=sync-group] Subscribed to topic(s): hyperbrain.executable.status.changed, hyperbrain.executable.created
2026-05-10 17:06:25.494 INFO  [Test worker] o.a.k.c.consumer.ConsumerConfig - ConsumerConfig values: 
	allow.auto.create.topics = true
	auto.commit.interval.ms = 5000
	auto.include.jmx.reporter = true
	auto.offset.reset = earliest
	bootstrap.servers = [localhost:9092]
	check.crcs = true
	client.dns.lookup = use_all_dns_ips
	client.id = consumer-sync-group-2
	client.rack = 
	connections.max.idle.ms = 540000
	default.api.timeout.ms = 60000
	enable.auto.commit = false
	enable.metrics.push = true
	exclude.internal.topics = true
	fetch.max.bytes = 52428800
	fetch.max.wait.ms = 500
	fetch.min.bytes = 1
	group.id = sync-group
	group.instance.id = null
	group.protocol = classic
	group.remote.assignor = null
	heartbeat.interval.ms = 3000
	interceptor.classes = []
	internal.leave.group.on.close = true
	internal.throw.on.fetch.stable.offset.unsupported = false
	isolation.level = read_uncommitted
	key.deserializer = class org.apache.kafka.common.serialization.StringDeserializer
	max.partition.fetch.bytes = 1048576
	max.poll.interval.ms = 300000
	max.poll.records = 500
	metadata.max.age.ms = 300000
	metric.reporters = []
	metrics.num.samples = 2
	metrics.recording.level = INFO
	metrics.sample.window.ms = 30000
	partition.assignment.strategy = [class org.apache.kafka.clients.consumer.RangeAssignor, class org.apache.kafka.clients.consumer.CooperativeStickyAssignor]
	receive.buffer.bytes = 65536
	reconnect.backoff.max.ms = 1000
	reconnect.backoff.ms = 50
	request.timeout.ms = 30000
	retry.backoff.max.ms = 1000
	retry.backoff.ms = 100
	sasl.client.callback.handler.class = null
	sasl.jaas.config = null
	sasl.kerberos.kinit.cmd = /usr/bin/kinit
	sasl.kerberos.min.time.before.relogin = 60000
	sasl.kerberos.service.name = null
	sasl.kerberos.ticket.renew.jitter = 0.05
	sasl.kerberos.ticket.renew.window.factor = 0.8
	sasl.login.callback.handler.class = null
	sasl.login.class = null
	sasl.login.connect.timeout.ms = null
	sasl.login.read.timeout.ms = null
	sasl.login.refresh.buffer.seconds = 300
	sasl.login.refresh.min.period.seconds = 60
	sasl.login.refresh.window.factor = 0.8
	sasl.login.refresh.window.jitter = 0.05
	sasl.login.retry.backoff.max.ms = 10000
	sasl.login.retry.backoff.ms = 100
	sasl.mechanism = GSSAPI
	sasl.oauthbearer.clock.skew.seconds = 30
	sasl.oauthbearer.expected.audience = null
	sasl.oauthbearer.expected.issuer = null
	sasl.oauthbearer.jwks.endpoint.refresh.ms = 3600000
	sasl.oauthbearer.jwks.endpoint.retry.backoff.max.ms = 10000
	sasl.oauthbearer.jwks.endpoint.retry.backoff.ms = 100
	sasl.oauthbearer.jwks.endpoint.url = null
	sasl.oauthbearer.scope.claim.name = scope
	sasl.oauthbearer.sub.claim.name = sub
	sasl.oauthbearer.token.endpoint.url = null
	security.protocol = PLAINTEXT
	security.providers = null
	send.buffer.bytes = 131072
	session.timeout.ms = 45000
	socket.connection.setup.timeout.max.ms = 30000
	socket.connection.setup.timeout.ms = 10000
	ssl.cipher.suites = null
	ssl.enabled.protocols = [TLSv1.2, TLSv1.3]
	ssl.endpoint.identification.algorithm = https
	ssl.engine.factory.class = null
	ssl.key.password = null
	ssl.keymanager.algorithm = SunX509
	ssl.keystore.certificate.chain = null
	ssl.keystore.key = null
	ssl.keystore.location = null
	ssl.keystore.password = null
	ssl.keystore.type = JKS
	ssl.protocol = TLSv1.3
	ssl.provider = null
	ssl.secure.random.implementation = null
	ssl.trustmanager.algorithm = PKIX
	ssl.truststore.certificates = null
	ssl.truststore.location = null
	ssl.truststore.password = null
	ssl.truststore.type = JKS
	value.deserializer = class org.apache.kafka.common.serialization.StringDeserializer

2026-05-10 17:06:25.494 INFO  [Test worker] o.a.k.c.t.i.KafkaMetricsCollector - initializing Kafka metrics collector
2026-05-10 17:06:25.497 INFO  [Test worker] o.a.kafka.common.utils.AppInfoParser - Kafka version: 3.7.1
2026-05-10 17:06:25.497 INFO  [Test worker] o.a.kafka.common.utils.AppInfoParser - Kafka commitId: e2494e6ffb89f828
2026-05-10 17:06:25.497 INFO  [Test worker] o.a.kafka.common.utils.AppInfoParser - Kafka startTimeMs: 1778450785497
2026-05-10 17:06:25.499 INFO  [Test worker] o.a.k.c.c.i.LegacyKafkaConsumer - [Consumer clientId=consumer-sync-group-2, groupId=sync-group] Subscribed to topic(s): hyperbrain.executable.deleted
2026-05-10 17:06:25.510 INFO  [Test worker] c.h.s.s.a.u.CrossSystemSyncIntegrationTest - Started CrossSystemSyncIntegrationTest in 3.019 seconds (process running for 3.561)
2026-05-10 17:06:25.652 INFO  [org.springframework.kafka.KafkaListenerEndpointContainer#0-0-C-1] org.apache.kafka.clients.Metadata - [Consumer clientId=consumer-sync-group-1, groupId=sync-group] Cluster ID: V1HB38MlTkqzfhmhas8hug
2026-05-10 17:06:25.653 INFO  [org.springframework.kafka.KafkaListenerEndpointContainer#1-0-C-1] org.apache.kafka.clients.Metadata - [Consumer clientId=consumer-sync-group-2, groupId=sync-group] Cluster ID: V1HB38MlTkqzfhmhas8hug
2026-05-10 17:06:25.653 INFO  [org.springframework.kafka.KafkaListenerEndpointContainer#0-0-C-1] o.a.k.c.c.i.ConsumerCoordinator - [Consumer clientId=consumer-sync-group-1, groupId=sync-group] Discovered group coordinator localhost:9092 (id: 2147483646 rack: null)
2026-05-10 17:06:25.653 INFO  [org.springframework.kafka.KafkaListenerEndpointContainer#1-0-C-1] o.a.k.c.c.i.ConsumerCoordinator - [Consumer clientId=consumer-sync-group-2, groupId=sync-group] Discovered group coordinator localhost:9092 (id: 2147483646 rack: null)
2026-05-10 17:06:25.654 INFO  [org.springframework.kafka.KafkaListenerEndpointContainer#0-0-C-1] o.a.k.c.c.i.ConsumerCoordinator - [Consumer clientId=consumer-sync-group-1, groupId=sync-group] (Re-)joining group
2026-05-10 17:06:25.654 INFO  [org.springframework.kafka.KafkaListenerEndpointContainer#1-0-C-1] o.a.k.c.c.i.ConsumerCoordinator - [Consumer clientId=consumer-sync-group-2, groupId=sync-group] (Re-)joining group
2026-05-10 17:06:25.664 INFO  [org.springframework.kafka.KafkaListenerEndpointContainer#0-0-C-1] o.a.k.c.c.i.ConsumerCoordinator - [Consumer clientId=consumer-sync-group-1, groupId=sync-group] Request joining group due to: need to re-join with the given member-id: consumer-sync-group-1-b2dd1f6a-4352-4869-ae37-e3739ea63988
2026-05-10 17:06:25.664 INFO  [org.springframework.kafka.KafkaListenerEndpointContainer#1-0-C-1] o.a.k.c.c.i.ConsumerCoordinator - [Consumer clientId=consumer-sync-group-2, groupId=sync-group] Request joining group due to: need to re-join with the given member-id: consumer-sync-group-2-c1a530e2-fcdf-489d-a3a8-47817fc48169
2026-05-10 17:06:25.664 INFO  [org.springframework.kafka.KafkaListenerEndpointContainer#1-0-C-1] o.a.k.c.c.i.ConsumerCoordinator - [Consumer clientId=consumer-sync-group-2, groupId=sync-group] (Re-)joining group
2026-05-10 17:06:25.664 INFO  [org.springframework.kafka.KafkaListenerEndpointContainer#0-0-C-1] o.a.k.c.c.i.ConsumerCoordinator - [Consumer clientId=consumer-sync-group-1, groupId=sync-group] (Re-)joining group
2026-05-10 17:06:25.824 DEBUG [Test worker] o.s.w.r.f.client.ExchangeFunctions - [6be4686b] HTTP POST http://127.0.0.1:1995/reminders
2026-05-10 17:06:25.896 DEBUG [reactor-http-nio-2] org.springframework.web.HttpLogging - [6be4686b] Encoding [{isCompleted=false, title=Build-Test-1778450785802, calendarName=Reminders}]
2026-05-10 17:06:26.183 DEBUG [reactor-http-nio-2] o.s.w.r.f.client.ExchangeFunctions - [6be4686b] [026dd12f-1] Response 200 OK
2026-05-10 17:06:26.190 DEBUG [reactor-http-nio-2] org.springframework.web.HttpLogging - [6be4686b] [026dd12f-1] Decoded "{"id":"D7EC0610-724A-4503-BBD1-E5963126E3FB"}"
2026-05-10 17:06:26.194 DEBUG [Test worker] o.s.w.r.f.client.ExchangeFunctions - [1baab1b1] HTTP POST http://localhost:60724/api/v1/sync/apple/webhook
2026-05-10 17:06:26.200 DEBUG [reactor-http-nio-3] org.springframework.web.HttpLogging - [1baab1b1] Encoding [{source=reminders, changeType=CREATE, isCompleted=false, title=Build-Test-1778450785802, id=D7EC0610 (truncated)...]
2026-05-10 17:06:26.222 INFO  [http-nio-auto-1-exec-1] o.a.c.c.C.[Tomcat].[localhost].[/] - Initializing Spring DispatcherServlet 'dispatcherServlet'
2026-05-10 17:06:26.222 INFO  [http-nio-auto-1-exec-1] o.s.web.servlet.DispatcherServlet - Initializing Servlet 'dispatcherServlet'
2026-05-10 17:06:26.223 DEBUG [http-nio-auto-1-exec-1] o.s.web.servlet.DispatcherServlet - Detected StandardServletMultipartResolver
2026-05-10 17:06:26.223 DEBUG [http-nio-auto-1-exec-1] o.s.web.servlet.DispatcherServlet - Detected AcceptHeaderLocaleResolver
2026-05-10 17:06:26.223 DEBUG [http-nio-auto-1-exec-1] o.s.web.servlet.DispatcherServlet - Detected FixedThemeResolver
2026-05-10 17:06:26.223 DEBUG [http-nio-auto-1-exec-1] o.s.web.servlet.DispatcherServlet - Detected org.springframework.web.servlet.view.DefaultRequestToViewNameTranslator@7df63a2d
2026-05-10 17:06:26.224 DEBUG [http-nio-auto-1-exec-1] o.s.web.servlet.DispatcherServlet - Detected org.springframework.web.servlet.support.SessionFlashMapManager@192c3be0
2026-05-10 17:06:26.224 DEBUG [http-nio-auto-1-exec-1] o.s.web.servlet.DispatcherServlet - enableLoggingRequestDetails='false': request parameters and headers will be masked to prevent unsafe logging of potentially sensitive data
2026-05-10 17:06:26.224 INFO  [http-nio-auto-1-exec-1] o.s.web.servlet.DispatcherServlet - Completed initialization in 1 ms
2026-05-10 17:06:26.227 DEBUG [http-nio-auto-1-exec-1] o.s.web.servlet.DispatcherServlet - POST "/api/v1/sync/apple/webhook", parameters={}
2026-05-10 17:06:26.229 DEBUG [http-nio-auto-1-exec-1] o.s.w.s.m.m.a.RequestMappingHandlerMapping - Mapped to com.hyperbrain.sopfc.sync.infrastructure.adapter.in.web.AppleWebhookController#handleAppleChange(AppleReminderDto)
2026-05-10 17:06:26.243 DEBUG [http-nio-auto-1-exec-1] o.s.w.s.m.m.a.RequestResponseBodyMethodProcessor - Read "application/json;charset=UTF-8" to [AppleReminderDto(id=D7EC0610-724A-4503-BBD1-E5963126E3FB, title=Build-Test-1778450785802, source=rem (truncated)...]
2026-05-10 17:06:26.246 INFO  [http-nio-auto-1-exec-1] c.h.s.s.i.a.i.w.AppleWebhookController - 🍎 [APPLE-WEBHOOK] Received change notification (CREATE): 'Build-Test-1778450785802' (ID: D7EC0610-724A-4503-BBD1-E5963126E3FB) in 'reminders'
2026-05-10 17:06:26.258 INFO  [http-nio-auto-1-exec-1] c.h.s.s.a.usecase.SyncEngineService - 🔍 [EXTERNAL-UPDATE] Mapping not found for D7EC0610-724A-4503-BBD1-E5963126E3FB in APPLE_SENTINEL. Searching for existing candidates...
2026-05-10 17:06:26.262 INFO  [http-nio-auto-1-exec-1] c.h.s.s.a.usecase.SyncEngineService - ➕ [EXTERNAL-UPDATE] No suitable candidate found. Creating new link for: Build-Test-1778450785802
2026-05-10 17:06:26.264 INFO  [http-nio-auto-1-exec-1] c.h.s.s.a.u.SyncPersistenceService - 💾 [DB-ATOMIC] Step 1: Saving Executable d202c359-6834-4e88-9956-a7313bfd89ff
2026-05-10 17:06:26.288 INFO  [http-nio-auto-1-exec-1] c.h.s.s.i.a.i.e.SyncTriggerAspect - 📡 [SYNC-ASPECT] Save detected for d202c359-6834-4e88-9956-a7313bfd89ff. Source: APPLE_SENTINEL. (Event emission delegated to service)
2026-05-10 17:06:26.288 INFO  [http-nio-auto-1-exec-1] c.h.s.s.a.u.SyncPersistenceService - 💾 [DB-ATOMIC] Step 2: Saving Mapping for APPLE_SENTINEL (ExtID: D7EC0610-724A-4503-BBD1-E5963126E3FB)
2026-05-10 17:06:26.293 INFO  [http-nio-auto-1-exec-1] c.h.s.s.a.u.SyncPersistenceService - 📢 [DB-ATOMIC] Step 3: Emitting EXECUTABLE_CREATED to Outbox
2026-05-10 17:06:26.294 DEBUG [http-nio-auto-1-exec-1] c.h.s.c.i.a.o.p.OutboxPersistenceAdapter - 💾 [OUTBOX-SAVE] Saved EXECUTABLE_CREATED for CORE_EXECUTABLE: d202c359-6834-4e88-9956-a7313bfd89ff (Source: APPLE_SENTINEL)
2026-05-10 17:06:26.306 DEBUG [http-nio-auto-1-exec-1] o.s.w.s.m.m.a.HttpEntityMethodProcessor - Using 'application/json', given [*/*] and supported [application/json, application/*+json]
2026-05-10 17:06:26.306 DEBUG [http-nio-auto-1-exec-1] o.s.w.s.m.m.a.HttpEntityMethodProcessor - Nothing to write: null body
2026-05-10 17:06:26.307 DEBUG [http-nio-auto-1-exec-1] o.s.web.servlet.DispatcherServlet - Completed 202 ACCEPTED
2026-05-10 17:06:26.308 DEBUG [reactor-http-nio-3] o.s.w.r.f.client.ExchangeFunctions - [1baab1b1] [4cd7efe3-1] Response 202 ACCEPTED
2026-05-10 17:10:05.035 WARN  [HikariPool-1 housekeeper] com.zaxxer.hikari.pool.HikariPool - HikariPool-1 - Thread starvation or clock leap detected (housekeeper delta=3m40s962ms).
2026-05-10 17:10:05.049 INFO  [org.springframework.kafka.KafkaListenerEndpointContainer#0-0-C-1] o.a.k.c.c.i.ConsumerCoordinator - [Consumer clientId=consumer-sync-group-1, groupId=sync-group] Successfully joined group with generation Generation{generationId=63, memberId='consumer-sync-group-1-b2dd1f6a-4352-4869-ae37-e3739ea63988', protocol='range'}
2026-05-10 17:10:05.049 INFO  [org.springframework.kafka.KafkaListenerEndpointContainer#1-0-C-1] o.a.k.c.c.i.ConsumerCoordinator - [Consumer clientId=consumer-sync-group-2, groupId=sync-group] Successfully joined group with generation Generation{generationId=63, memberId='consumer-sync-group-2-c1a530e2-fcdf-489d-a3a8-47817fc48169', protocol='range'}
2026-05-10 17:10:05.063 INFO  [org.springframework.kafka.KafkaListenerEndpointContainer#1-0-C-1] o.a.k.c.c.i.ConsumerCoordinator - [Consumer clientId=consumer-sync-group-2, groupId=sync-group] SyncGroup failed: The coordinator is not aware of this member. Need to re-join the group. Sent generation was Generation{generationId=63, memberId='consumer-sync-group-2-c1a530e2-fcdf-489d-a3a8-47817fc48169', protocol='range'}
2026-05-10 17:10:05.063 INFO  [org.springframework.kafka.KafkaListenerEndpointContainer#0-0-C-1] o.a.k.c.c.i.ConsumerCoordinator - [Consumer clientId=consumer-sync-group-1, groupId=sync-group] SyncGroup failed: The coordinator is not aware of this member. Need to re-join the group. Sent generation was Generation{generationId=63, memberId='consumer-sync-group-1-b2dd1f6a-4352-4869-ae37-e3739ea63988', protocol='range'}
2026-05-10 17:10:05.063 INFO  [org.springframework.kafka.KafkaListenerEndpointContainer#1-0-C-1] o.a.k.c.c.i.ConsumerCoordinator - [Consumer clientId=consumer-sync-group-2, groupId=sync-group] Resetting generation and member id due to: encountered UNKNOWN_MEMBER_ID from SYNC_GROUP response
2026-05-10 17:10:05.063 INFO  [org.springframework.kafka.KafkaListenerEndpointContainer#0-0-C-1] o.a.k.c.c.i.ConsumerCoordinator - [Consumer clientId=consumer-sync-group-1, groupId=sync-group] Resetting generation and member id due to: encountered UNKNOWN_MEMBER_ID from SYNC_GROUP response
2026-05-10 17:10:05.063 INFO  [org.springframework.kafka.KafkaListenerEndpointContainer#1-0-C-1] o.a.k.c.c.i.ConsumerCoordinator - [Consumer clientId=consumer-sync-group-2, groupId=sync-group] Request joining group due to: encountered UNKNOWN_MEMBER_ID from SYNC_GROUP response
2026-05-10 17:10:05.064 INFO  [org.springframework.kafka.KafkaListenerEndpointContainer#0-0-C-1] o.a.k.c.c.i.ConsumerCoordinator - [Consumer clientId=consumer-sync-group-1, groupId=sync-group] Request joining group due to: encountered UNKNOWN_MEMBER_ID from SYNC_GROUP response
2026-05-10 17:10:05.064 INFO  [org.springframework.kafka.KafkaListenerEndpointContainer#1-0-C-1] o.a.k.c.c.i.ConsumerCoordinator - [Consumer clientId=consumer-sync-group-2, groupId=sync-group] Request joining group due to: rebalance failed due to 'The coordinator is not aware of this member.' (UnknownMemberIdException)
2026-05-10 17:10:05.064 INFO  [org.springframework.kafka.KafkaListenerEndpointContainer#0-0-C-1] o.a.k.c.c.i.ConsumerCoordinator - [Consumer clientId=consumer-sync-group-1, groupId=sync-group] Request joining group due to: rebalance failed due to 'The coordinator is not aware of this member.' (UnknownMemberIdException)
2026-05-10 17:10:05.064 INFO  [org.springframework.kafka.KafkaListenerEndpointContainer#1-0-C-1] o.a.k.c.c.i.ConsumerCoordinator - [Consumer clientId=consumer-sync-group-2, groupId=sync-group] (Re-)joining group
2026-05-10 17:10:05.064 INFO  [org.springframework.kafka.KafkaListenerEndpointContainer#0-0-C-1] o.a.k.c.c.i.ConsumerCoordinator - [Consumer clientId=consumer-sync-group-1, groupId=sync-group] (Re-)joining group
2026-05-10 17:10:05.071 INFO  [org.springframework.kafka.KafkaListenerEndpointContainer#1-0-C-1] o.a.k.c.c.i.ConsumerCoordinator - [Consumer clientId=consumer-sync-group-2, groupId=sync-group] Request joining group due to: need to re-join with the given member-id: consumer-sync-group-2-422ea89d-6fd1-4374-8cd8-bfedcad2e26a
2026-05-10 17:10:05.072 INFO  [org.springframework.kafka.KafkaListenerEndpointContainer#1-0-C-1] o.a.k.c.c.i.ConsumerCoordinator - [Consumer clientId=consumer-sync-group-2, groupId=sync-group] (Re-)joining group
2026-05-10 17:10:05.075 INFO  [org.springframework.kafka.KafkaListenerEndpointContainer#0-0-C-1] o.a.k.c.c.i.ConsumerCoordinator - [Consumer clientId=consumer-sync-group-1, groupId=sync-group] Request joining group due to: need to re-join with the given member-id: consumer-sync-group-1-bf8e323e-deeb-433c-8102-8067e0bf7ec0
2026-05-10 17:10:05.075 INFO  [org.springframework.kafka.KafkaListenerEndpointContainer#0-0-C-1] o.a.k.c.c.i.ConsumerCoordinator - [Consumer clientId=consumer-sync-group-1, groupId=sync-group] (Re-)joining group
2026-05-10 17:10:33.316 INFO  [org.springframework.kafka.KafkaListenerEndpointContainer#1-0-C-1] o.a.k.c.c.i.ConsumerCoordinator - [Consumer clientId=consumer-sync-group-2, groupId=sync-group] Successfully joined group with generation Generation{generationId=65, memberId='consumer-sync-group-2-422ea89d-6fd1-4374-8cd8-bfedcad2e26a', protocol='range'}
2026-05-10 17:10:33.316 INFO  [org.springframework.kafka.KafkaListenerEndpointContainer#0-0-C-1] o.a.k.c.c.i.ConsumerCoordinator - [Consumer clientId=consumer-sync-group-1, groupId=sync-group] Successfully joined group with generation Generation{generationId=65, memberId='consumer-sync-group-1-bf8e323e-deeb-433c-8102-8067e0bf7ec0', protocol='range'}
2026-05-10 17:10:33.319 INFO  [org.springframework.kafka.KafkaListenerEndpointContainer#0-0-C-1] o.a.k.c.c.i.ConsumerCoordinator - [Consumer clientId=consumer-sync-group-1, groupId=sync-group] Successfully synced group in generation Generation{generationId=65, memberId='consumer-sync-group-1-bf8e323e-deeb-433c-8102-8067e0bf7ec0', protocol='range'}
2026-05-10 17:10:33.319 INFO  [org.springframework.kafka.KafkaListenerEndpointContainer#1-0-C-1] o.a.k.c.c.i.ConsumerCoordinator - [Consumer clientId=consumer-sync-group-2, groupId=sync-group] Successfully synced group in generation Generation{generationId=65, memberId='consumer-sync-group-2-422ea89d-6fd1-4374-8cd8-bfedcad2e26a', protocol='range'}
2026-05-10 17:10:33.324 INFO  [org.springframework.kafka.KafkaListenerEndpointContainer#0-0-C-1] o.a.k.c.c.i.ConsumerCoordinator - [Consumer clientId=consumer-sync-group-1, groupId=sync-group] Notifying assignor about the new Assignment(partitions=[hyperbrain.executable.status.changed-0, hyperbrain.executable.created-0])
2026-05-10 17:10:33.324 INFO  [org.springframework.kafka.KafkaListenerEndpointContainer#1-0-C-1] o.a.k.c.c.i.ConsumerCoordinator - [Consumer clientId=consumer-sync-group-2, groupId=sync-group] Notifying assignor about the new Assignment(partitions=[])
2026-05-10 17:10:33.325 INFO  [org.springframework.kafka.KafkaListenerEndpointContainer#1-0-C-1] o.a.k.c.c.i.ConsumerRebalanceListenerInvoker - [Consumer clientId=consumer-sync-group-2, groupId=sync-group] Adding newly assigned partitions: 
2026-05-10 17:10:33.327 INFO  [org.springframework.kafka.KafkaListenerEndpointContainer#1-0-C-1] o.s.k.l.KafkaMessageListenerContainer - sync-group: partitions assigned: []
2026-05-10 17:10:33.327 INFO  [org.springframework.kafka.KafkaListenerEndpointContainer#0-0-C-1] o.a.k.c.c.i.ConsumerRebalanceListenerInvoker - [Consumer clientId=consumer-sync-group-1, groupId=sync-group] Adding newly assigned partitions: hyperbrain.executable.created-0, hyperbrain.executable.status.changed-0
2026-05-10 17:11:16.888 WARN  [HikariPool-1 housekeeper] com.zaxxer.hikari.pool.HikariPool - HikariPool-1 - Thread starvation or clock leap detected (housekeeper delta=1m11s856ms).
2026-05-10 17:11:16.897 INFO  [org.springframework.kafka.KafkaListenerEndpointContainer#0-0-C-1] o.apache.kafka.clients.NetworkClient - [Consumer clientId=consumer-sync-group-1, groupId=sync-group] Disconnecting from node 2147483646 due to request timeout.
2026-05-10 17:11:16.898 INFO  [org.springframework.kafka.KafkaListenerEndpointContainer#0-0-C-1] o.apache.kafka.clients.NetworkClient - [Consumer clientId=consumer-sync-group-1, groupId=sync-group] Cancelled in-flight OFFSET_FETCH request with correlation id 12 due to node 2147483646 being disconnected (elapsed time since creation: 1ms, elapsed time since send: 43568ms, request timeout: 30000ms)
2026-05-10 17:11:16.899 INFO  [org.springframework.kafka.KafkaListenerEndpointContainer#0-0-C-1] o.a.k.c.c.i.ConsumerCoordinator - [Consumer clientId=consumer-sync-group-1, groupId=sync-group] Group coordinator localhost:9092 (id: 2147483646 rack: null) is unavailable or invalid due to cause: null. isDisconnected: true. Rediscovery will be attempted.
2026-05-10 17:11:17.015 INFO  [org.springframework.kafka.KafkaListenerEndpointContainer#0-0-C-1] o.a.k.c.c.i.ConsumerCoordinator - [Consumer clientId=consumer-sync-group-1, groupId=sync-group] Discovered group coordinator localhost:9092 (id: 2147483646 rack: null)
2026-05-10 17:11:17.020 INFO  [org.springframework.kafka.KafkaListenerEndpointContainer#0-0-C-1] o.a.k.c.c.internals.ConsumerUtils - Setting offset for partition hyperbrain.executable.status.changed-0 to the committed offset FetchPosition{offset=345, offsetEpoch=Optional.empty, currentLeader=LeaderAndEpoch{leader=Optional[localhost:9092 (id: 1 rack: null)], epoch=0}}
2026-05-10 17:11:17.021 INFO  [org.springframework.kafka.KafkaListenerEndpointContainer#0-0-C-1] o.a.k.c.c.internals.ConsumerUtils - Setting offset for partition hyperbrain.executable.created-0 to the committed offset FetchPosition{offset=107, offsetEpoch=Optional.empty, currentLeader=LeaderAndEpoch{leader=Optional[localhost:9092 (id: 1 rack: null)], epoch=0}}
2026-05-10 17:11:17.021 INFO  [org.springframework.kafka.KafkaListenerEndpointContainer#0-0-C-1] o.s.k.l.KafkaMessageListenerContainer - sync-group: partitions assigned: [hyperbrain.executable.created-0, hyperbrain.executable.status.changed-0]
2026-05-10 17:11:18.928 INFO  [org.springframework.kafka.KafkaListenerEndpointContainer#0-0-C-1] o.a.k.c.c.i.ConsumerRebalanceListenerInvoker - [Consumer clientId=consumer-sync-group-1, groupId=sync-group] Revoke previously assigned partitions hyperbrain.executable.created-0, hyperbrain.executable.status.changed-0
2026-05-10 17:11:18.928 INFO  [org.springframework.kafka.KafkaListenerEndpointContainer#1-0-C-1] o.a.k.c.c.i.ConsumerCoordinator - [Consumer clientId=consumer-sync-group-2, groupId=sync-group] Member consumer-sync-group-2-422ea89d-6fd1-4374-8cd8-bfedcad2e26a sending LeaveGroup request to coordinator localhost:9092 (id: 2147483646 rack: null) due to the consumer unsubscribed from all topics
2026-05-10 17:11:18.928 INFO  [org.springframework.kafka.KafkaListenerEndpointContainer#0-0-C-1] o.s.k.l.KafkaMessageListenerContainer - sync-group: partitions revoked: [hyperbrain.executable.created-0, hyperbrain.executable.status.changed-0]
2026-05-10 17:11:18.928 INFO  [org.springframework.kafka.KafkaListenerEndpointContainer#0-0-C-1] o.a.k.c.c.i.ConsumerCoordinator - [Consumer clientId=consumer-sync-group-1, groupId=sync-group] Member consumer-sync-group-1-bf8e323e-deeb-433c-8102-8067e0bf7ec0 sending LeaveGroup request to coordinator localhost:9092 (id: 2147483646 rack: null) due to the consumer unsubscribed from all topics
2026-05-10 17:11:18.928 INFO  [org.springframework.kafka.KafkaListenerEndpointContainer#1-0-C-1] o.a.k.c.c.i.ConsumerCoordinator - [Consumer clientId=consumer-sync-group-2, groupId=sync-group] Resetting generation and member id due to: consumer pro-actively leaving the group
2026-05-10 17:11:18.929 INFO  [org.springframework.kafka.KafkaListenerEndpointContainer#1-0-C-1] o.a.k.c.c.i.ConsumerCoordinator - [Consumer clientId=consumer-sync-group-2, groupId=sync-group] Request joining group due to: consumer pro-actively leaving the group
2026-05-10 17:11:18.929 INFO  [org.springframework.kafka.KafkaListenerEndpointContainer#1-0-C-1] o.a.k.c.c.i.LegacyKafkaConsumer - [Consumer clientId=consumer-sync-group-2, groupId=sync-group] Unsubscribed all topics or patterns and assigned partitions
2026-05-10 17:11:18.929 INFO  [org.springframework.kafka.KafkaListenerEndpointContainer#0-0-C-1] o.a.k.c.c.i.ConsumerCoordinator - [Consumer clientId=consumer-sync-group-1, groupId=sync-group] Resetting generation and member id due to: consumer pro-actively leaving the group
2026-05-10 17:11:18.929 INFO  [org.springframework.kafka.KafkaListenerEndpointContainer#0-0-C-1] o.a.k.c.c.i.ConsumerCoordinator - [Consumer clientId=consumer-sync-group-1, groupId=sync-group] Request joining group due to: consumer pro-actively leaving the group
2026-05-10 17:11:18.929 INFO  [org.springframework.kafka.KafkaListenerEndpointContainer#0-0-C-1] o.a.k.c.c.i.LegacyKafkaConsumer - [Consumer clientId=consumer-sync-group-1, groupId=sync-group] Unsubscribed all topics or patterns and assigned partitions
2026-05-10 17:11:18.930 INFO  [org.springframework.kafka.KafkaListenerEndpointContainer#0-0-C-1] o.a.k.c.c.i.ConsumerCoordinator - [Consumer clientId=consumer-sync-group-1, groupId=sync-group] Resetting generation and member id due to: consumer pro-actively leaving the group
2026-05-10 17:11:18.930 INFO  [org.springframework.kafka.KafkaListenerEndpointContainer#1-0-C-1] o.a.k.c.c.i.ConsumerCoordinator - [Consumer clientId=consumer-sync-group-2, groupId=sync-group] Resetting generation and member id due to: consumer pro-actively leaving the group
2026-05-10 17:11:18.930 INFO  [org.springframework.kafka.KafkaListenerEndpointContainer#0-0-C-1] o.a.k.c.c.i.ConsumerCoordinator - [Consumer clientId=consumer-sync-group-1, groupId=sync-group] Request joining group due to: consumer pro-actively leaving the group
2026-05-10 17:11:18.930 INFO  [org.springframework.kafka.KafkaListenerEndpointContainer#1-0-C-1] o.a.k.c.c.i.ConsumerCoordinator - [Consumer clientId=consumer-sync-group-2, groupId=sync-group] Request joining group due to: consumer pro-actively leaving the group
2026-05-10 17:11:18.933 INFO  [org.springframework.kafka.KafkaListenerEndpointContainer#1-0-C-1] o.a.kafka.common.metrics.Metrics - Metrics scheduler closed
2026-05-10 17:11:18.933 INFO  [org.springframework.kafka.KafkaListenerEndpointContainer#1-0-C-1] o.a.kafka.common.metrics.Metrics - Closing reporter org.apache.kafka.common.metrics.JmxReporter
2026-05-10 17:11:18.933 INFO  [org.springframework.kafka.KafkaListenerEndpointContainer#1-0-C-1] o.a.kafka.common.metrics.Metrics - Closing reporter org.apache.kafka.common.telemetry.internals.ClientTelemetryReporter
2026-05-10 17:11:18.934 INFO  [org.springframework.kafka.KafkaListenerEndpointContainer#1-0-C-1] o.a.kafka.common.metrics.Metrics - Metrics reporters closed
2026-05-10 17:11:18.936 INFO  [org.springframework.kafka.KafkaListenerEndpointContainer#1-0-C-1] o.a.kafka.common.utils.AppInfoParser - App info kafka.consumer for consumer-sync-group-2 unregistered
2026-05-10 17:11:18.944 INFO  [org.springframework.kafka.KafkaListenerEndpointContainer#1-0-C-1] o.s.k.l.KafkaMessageListenerContainer - sync-group: Consumer stopped
2026-05-10 17:11:19.061 INFO  [org.springframework.kafka.KafkaListenerEndpointContainer#0-0-C-1] o.a.kafka.common.metrics.Metrics - Metrics scheduler closed
2026-05-10 17:11:19.062 INFO  [org.springframework.kafka.KafkaListenerEndpointContainer#0-0-C-1] o.a.kafka.common.metrics.Metrics - Closing reporter org.apache.kafka.common.metrics.JmxReporter
2026-05-10 17:11:19.062 INFO  [org.springframework.kafka.KafkaListenerEndpointContainer#0-0-C-1] o.a.kafka.common.metrics.Metrics - Closing reporter org.apache.kafka.common.telemetry.internals.ClientTelemetryReporter
2026-05-10 17:11:19.062 INFO  [org.springframework.kafka.KafkaListenerEndpointContainer#0-0-C-1] o.a.kafka.common.metrics.Metrics - Metrics reporters closed
2026-05-10 17:11:19.064 INFO  [org.springframework.kafka.KafkaListenerEndpointContainer#0-0-C-1] o.a.kafka.common.utils.AppInfoParser - App info kafka.consumer for consumer-sync-group-1 unregistered
2026-05-10 17:11:19.064 INFO  [org.springframework.kafka.KafkaListenerEndpointContainer#0-0-C-1] o.s.k.l.KafkaMessageListenerContainer - sync-group: Consumer stopped
2026-05-10 17:11:22.757 INFO  [SpringApplicationShutdownHook] o.s.o.j.LocalContainerEntityManagerFactoryBean - Closing JPA EntityManagerFactory for persistence unit 'default'
2026-05-10 17:11:22.759 INFO  [SpringApplicationShutdownHook] com.zaxxer.hikari.HikariDataSource - HikariPool-1 - Shutdown initiated...
2026-05-10 17:11:22.761 INFO  [SpringApplicationShutdownHook] com.zaxxer.hikari.HikariDataSource - HikariPool-1 - Shutdown completed.
